-------------------------------------------------------------------------------
      name:  master
       log:  /Users/eptmp/Documents/GitHub/seqtte/cscripts/master.log
  log type:  text
 opened on:  13 May 2026, 10:31:02

. 
. cscript master
-------------------------------------------------------------------BEGIN master

. 
. cap noi ado describe seqtte

. 
. local cscripts ///
> seqtte

. 
. foreach dofile of local cscripts {
  2.     log using `dofile'.log, text replace name(`dofile')
  3.     do `dofile'
  4.     log close `dofile'
  5. }
-------------------------------------------------------------------------------
      name:  seqtte
       log:  /Users/eptmp/Documents/GitHub/seqtte/cscripts/seqtte.log
  log type:  text
 opened on:  13 May 2026, 10:31:02

. cscript seqtte adofile seqtte
-------------------------------------------------------------------BEGIN seqtte

-> which seqtte, usesysdir
/Users/eptmp/Documents/GitHub/seqtte/seqtte.ado
*! version 0.2.0  13may2026  Tom Palmer

. 
. * ------------------------------------------------------------
. * Generate a synthetic person-period dataset for testing
. * ------------------------------------------------------------
. * 200 individuals, up to 10 periods
. * Treatment can be initiated at any period (time-varying)
. * Covariate: age_grp (binary)
. 
. clear

. set seed 42

. set obs 200
Number of observations (_N) was 0, now 200.

. 
. gen id      = _n

. gen age_grp = mod(id, 2)       // binary baseline covariate

. gen age_grp_0 = age_grp        // study-baseline version (same here)

. 
. * Individuals initiate treatment at a random period (1–8); some never treated
. gen trt_start = ceil(runiform() * 8) if runiform() > 0.3
(62 missing values generated)

. replace trt_start = . if runiform() > 0.8  // ~20% never treated
(24 real changes made, 24 to missing)

. 
. expand 10
(1,800 observations created)

. bysort id: gen time = _n - 1

. 
. * Treatment: initiated at trt_start and sustained thereafter
. gen treatment = (time >= trt_start) if !missing(trt_start)
(860 missing values generated)

. replace treatment = 0 if missing(trt_start)
(860 real changes made)

. 
. * Period-specific outcome (lower hazard for treated)
. gen double u = runiform()

. gen outcome = (u < 0.06 - 0.03 * treatment)

. 
. * Keep only up to the first event (person exits after event)
. bysort id (time): gen cumev = sum(outcome)

. drop if cumev > 1
(89 observations deleted)

. replace outcome = 0 if cumev == 1 & u >= (0.06 - 0.03 * treatment)
(0 real changes made)

. 
. drop trt_start cumev u

. sort id time

. 
. * ------------------------------------------------------------
. * Test 1: ITT, no covariates
. * ------------------------------------------------------------
. seqtte outcome, id(id) time(time) treatment(treatment)
(0 observations deleted)
(1,260 missing values generated)
(200 missing values generated)
(0 real changes made)
(8,419 observations created)
(1,783 observations deleted)

Logistic regression                                     Number of obs =  8,547
                                                        Wald chi2(5)  =  10.63
                                                        Prob > chi2   = 0.0592
Log pseudolikelihood = -1284.8717                       Pseudo R2     = 0.0037

                                   (Std. err. adjusted for 200 clusters in id)
------------------------------------------------------------------------------
             |               Robust
    __000009 | Odds ratio   std. err.      z    P>|z|     [95% conf. interval]
-------------+----------------------------------------------------------------
   treatment |   .7432191   .1838192    -1.20   0.230     .4577102    1.206822
    __00000A |   .8816805   .0669669    -1.66   0.097     .7597301    1.023206
             |
  c.__00000A#|
  c.__00000A |   1.011041   .0079388     1.40   0.162        .9956    1.026721
             |
    __000005 |   .8743705   .0572706    -2.05   0.040     .7690285    .9941424
             |
  c.__000005#|
  c.__000005 |   1.015552   .0081432     1.92   0.054      .999716    1.031638
             |
       _cons |    .053211   .0133002   -11.74   0.000     .0326018    .0868483
------------------------------------------------------------------------------
Note: _cons estimates baseline odds.

. 
. assert e(N)      > 0

. assert e(N_indiv) == 200

. assert e(N_orig)  > 0

. assert e(N_exp)  >= e(N_orig)

. assert `"`e(cmd)'"'       == "seqtte"

. assert `"`e(estimator)'"' == "itt"

. 
. * ------------------------------------------------------------
. * Test 2: ITT, with covariate
. * ------------------------------------------------------------
. seqtte outcome, id(id) time(time) treatment(treatment) ///
>     covariates(age_grp)
(0 observations deleted)
(1,260 missing values generated)
(200 missing values generated)
(0 real changes made)
(8,419 observations created)
(1,783 observations deleted)

Logistic regression                                     Number of obs =  8,547
                                                        Wald chi2(6)  =  11.87
                                                        Prob > chi2   = 0.0649
Log pseudolikelihood = -1283.9416                       Pseudo R2     = 0.0044

                                   (Std. err. adjusted for 200 clusters in id)
------------------------------------------------------------------------------
             |               Robust
    __000009 | Odds ratio   std. err.      z    P>|z|     [95% conf. interval]
-------------+----------------------------------------------------------------
   treatment |   .7395508   .1835051    -1.22   0.224     .4547356    1.202755
    __00000A |    .881657   .0670253    -1.66   0.098     .7596082    1.023316
             |
  c.__00000A#|
  c.__00000A |   1.011041    .007939     1.40   0.162     .9955995    1.026721
             |
    __000005 |   .8734304   .0572586    -2.06   0.039     .7681163    .9931838
             |
  c.__000005#|
  c.__000005 |   1.015805    .008089     1.97   0.049     1.000074    1.031783
             |
     age_grp |   .8508105   .2128742    -0.65   0.518     .5210277    1.389328
       _cons |   .0574929   .0162965   -10.08   0.000     .0329868     .100205
------------------------------------------------------------------------------
Note: _cons estimates baseline odds.

. 
. assert e(N) > 0

. assert `"`e(estimator)'"' == "itt"

. 
. * ------------------------------------------------------------
. * Test 3: ITT, if/in restriction
. * ------------------------------------------------------------
. seqtte outcome if time <= 7, id(id) time(time) treatment(treatment)
(364 observations deleted)
(1,112 missing values generated)
(200 missing values generated)
(0 real changes made)
(5,325 observations created)
(850 observations deleted)

Logistic regression                                     Number of obs =  6,022
                                                        Wald chi2(5)  =  14.89
                                                        Prob > chi2   = 0.0108
Log pseudolikelihood = -886.73459                       Pseudo R2     = 0.0086

                                   (Std. err. adjusted for 200 clusters in id)
------------------------------------------------------------------------------
             |               Robust
    __000009 | Odds ratio   std. err.      z    P>|z|     [95% conf. interval]
-------------+----------------------------------------------------------------
   treatment |   .6554252   .2218943    -1.25   0.212     .3375583    1.272616
    __00000A |   .8318781   .0660631    -2.32   0.020     .7119705      .97198
             |
  c.__00000A#|
  c.__00000A |   1.011042   .0111631     0.99   0.320     .9893983     1.03316
             |
    __000005 |   .8359192   .0634716    -2.36   0.018     .7203313    .9700548
             |
  c.__000005#|
  c.__000005 |   1.012799   .0166127     0.78   0.438     .9807562    1.045888
             |
       _cons |   .0643545   .0150466   -11.73   0.000      .040697    .1017645
------------------------------------------------------------------------------
Note: _cons estimates baseline odds.

. 
. assert e(N) > 0

. 
. * ------------------------------------------------------------
. * Test 4: PP, unstabilized weights
. * ------------------------------------------------------------
. seqtte outcome, id(id) time(time) treatment(treatment) ///
>     covariates(age_grp) ///
>     estimator(pp) wdenominator(age_grp)
(0 observations deleted)
(1,260 missing values generated)
(200 missing values generated)
(0 real changes made)
r(2000);

end of do-file
r(2000);

end of do-file
r(2000);
