-------------------------------------------------------------------------------
      name:  seqtte
       log:  /Users/eptmp/Documents/GitHub/seqtte/cscripts/seqtte.log
  log type:  text
 opened on:  29 Apr 2026, 11:42:07

. cscript seqtte adofile seqtte
-------------------------------------------------------------------BEGIN seqtte

-> which seqtte, usesysdir
/Users/eptmp/Documents/GitHub/seqtte/seqtte.ado
*! version 0.1.0  29apr2026  Tom Palmer

. 
. * ------------------------------------------------------------
. * Generate a synthetic person-period dataset for testing
. * ------------------------------------------------------------
. * 200 individuals, 10 periods (0-9)
. * First 100: treated from period 0 (ever-treated)
. * Last 100:  never treated
. * Outcome: approximately 8% per-period hazard, slightly lower for treated
. 
. clear

. set seed 42

. set obs 200
Number of observations (_N) was 0, now 200.

. 
. gen id = _n

. gen trt_group = (id <= 100)  // 1 = treated, 0 = untreated

. gen age_group = mod(id, 3)   // synthetic covariate

. 
. expand 10
(1,800 observations created)

. bysort id: gen time = _n - 1

. 
. gen treatment = trt_group * (time == 0)

. bysort id (time): replace treatment = max(treatment, treatment[_n-1])
(900 real changes made)

. 
. * Period-specific outcome: 1 in the period the event occurs, 0 otherwise
. * Slightly lower hazard for treated group
. gen double u = runiform()

. gen outcome_any = (u < 0.08 - 0.03 * trt_group)

. 
. * Keep only the first event per person (drop post-event rows)
. bysort id (time): gen cumev = sum(outcome_any)

. drop if cumev > 1
(79 observations deleted)

. replace outcome_any = 0 if cumev == 1 & u >= (0.08 - 0.03 * trt_group)
(0 real changes made)

. 
. * outcome = 1 only in the period the event first occurs
. gen outcome = outcome_any

. 
. drop trt_group cumev u outcome_any

. 
. sort id time

. 
. * ------------------------------------------------------------
. * Test 1: basic ITT run, no covariates
. * ------------------------------------------------------------
. seqtte outcome, id(id) time(time) treatment(treatment)
(0 observations deleted)
(1,100 missing values generated)
(200 missing values generated)
(0 real changes made)
(8,441 observations created)
(4,388 observations deleted)

Logistic regression                                     Number of obs =  5,974
                                                        Wald chi2(5)  =  32.50
                                                        Prob > chi2   = 0.0000
Log pseudolikelihood = -1263.0785                       Pseudo R2     = 0.0105

                                   (Std. err. adjusted for 200 clusters in id)
------------------------------------------------------------------------------
             |               Robust
    __000009 | Odds ratio   std. err.      z    P>|z|     [95% conf. interval]
-------------+----------------------------------------------------------------
   treatment |   .3625969   .0723535    -5.08   0.000     .2452298    .5361359
    __00000A |   .9045589     .06223    -1.46   0.145     .7904558    1.035133
             |
  c.__00000A#|
  c.__00000A |   1.011313   .0060505     1.88   0.060     .9995231    1.023241
             |
    __000005 |   .8987489   .0537652    -1.78   0.074     .7993143    1.010553
             |
  c.__000005#|
  c.__000005 |   1.011476   .0066828     1.73   0.084     .9984627     1.02466
             |
       _cons |    .085171   .0212465    -9.87   0.000      .052234     .138877
------------------------------------------------------------------------------
Note: _cons estimates baseline odds.

. 
. * Stored results exist
. assert e(N) > 0

. assert e(N_indiv) == 200

. assert e(N_orig) > 0

. assert e(N_exp) >= e(N_orig)

. assert "`e(cmd)'" == "seqtte"

. assert "`e(estimator)'" == "itt"

. 
. * ------------------------------------------------------------
. * Test 2: with a covariate
. * ------------------------------------------------------------
. seqtte outcome, id(id) time(time) treatment(treatment) covariates(age_group)
(0 observations deleted)
(1,100 missing values generated)
(200 missing values generated)
(0 real changes made)
(8,441 observations created)
(4,388 observations deleted)

Logistic regression                                     Number of obs =  5,974
                                                        Wald chi2(6)  =  32.52
                                                        Prob > chi2   = 0.0000
Log pseudolikelihood = -1263.0135                       Pseudo R2     = 0.0105

                                   (Std. err. adjusted for 200 clusters in id)
------------------------------------------------------------------------------
             |               Robust
    __000009 | Odds ratio   std. err.      z    P>|z|     [95% conf. interval]
-------------+----------------------------------------------------------------
   treatment |   .3624941   .0723009    -5.09   0.000     .2452028    .5358911
    __00000A |   .9046789   .0621819    -1.46   0.145     .7906573    1.035144
             |
  c.__00000A#|
  c.__00000A |   1.011317   .0060495     1.88   0.060     .9995297    1.023244
             |
    __000005 |   .8988579    .053724    -1.78   0.074     .7994943    1.010571
             |
  c.__000005#|
  c.__000005 |   1.011484   .0066784     1.73   0.084     .9984791    1.024659
             |
   age_group |   1.025747   .1370466     0.19   0.849     .7894304    1.332804
       _cons |    .082972   .0218023    -9.47   0.000     .0495751    .1388671
------------------------------------------------------------------------------
Note: _cons estimates baseline odds.

. 
. assert e(N) > 0

. assert "`e(cmd)'" == "seqtte"

. 
. * ------------------------------------------------------------
. * Test 3: if/in restriction
. * ------------------------------------------------------------
. seqtte outcome if time <= 7, id(id) time(time) treatment(treatment)
(357 observations deleted)
(1,008 missing values generated)
(200 missing values generated)
(0 real changes made)
(5,409 observations created)
(2,765 observations deleted)

Logistic regression                                     Number of obs =  4,208
                                                        Wald chi2(5)  =  27.72
                                                        Prob > chi2   = 0.0000
Log pseudolikelihood = -847.50291                       Pseudo R2     = 0.0151

                                   (Std. err. adjusted for 200 clusters in id)
------------------------------------------------------------------------------
             |               Robust
    __000009 | Odds ratio   std. err.      z    P>|z|     [95% conf. interval]
-------------+----------------------------------------------------------------
   treatment |   .3690485   .0845375    -4.35   0.000     .2355591    .5781855
    __00000A |   .8192155   .0773754    -2.11   0.035     .6807719    .9858134
             |
  c.__00000A#|
  c.__00000A |   1.018363   .0127519     1.45   0.146     .9936738    1.043666
             |
    __000005 |     .88737   .0723772    -1.47   0.143     .7562712    1.041195
             |
  c.__000005#|
  c.__000005 |    1.00002   .0137639     0.00   0.999     .9734036    1.027364
             |
       _cons |   .1059705   .0245826    -9.68   0.000     .0672553    .1669719
------------------------------------------------------------------------------
Note: _cons estimates baseline odds.

. 
. assert e(N) > 0

. 
. di as txt "seqtte cscript passed"
seqtte cscript passed

. 
end of do-file
      name:  seqtte
       log:  /Users/eptmp/Documents/GitHub/seqtte/cscripts/seqtte.log
  log type:  text
 closed on:  29 Apr 2026, 11:42:08
-------------------------------------------------------------------------------
